START: Tue Oct 28 07:17:22 PM UTC 2025
JOB  : symm-mem-allreduce  ID=979659
W1028 19:17:25.686000 226038 torch/distributed/run.py:803] 
W1028 19:17:25.686000 226038 torch/distributed/run.py:803] *****************************************
W1028 19:17:25.686000 226038 torch/distributed/run.py:803] Setting OMP_NUM_THREADS environment variable for each process to be 1 in default, to avoid your system being overloaded, please further tune the variable for optimal performance in your application as needed. 
W1028 19:17:25.686000 226038 torch/distributed/run.py:803] *****************************************
Benchmarking multimem_all_reduce...
msg_sz_bytes: 4096	nccl_ring: 14.37 us	multimem_all_reduce: 6.50 us	
msg_sz_bytes: 8192	nccl_ring: 14.59 us	multimem_all_reduce: 6.43 us	
msg_sz_bytes: 16384	nccl_ring: 15.14 us	multimem_all_reduce: 6.88 us	
msg_sz_bytes: 32768	nccl_ring: 16.99 us	multimem_all_reduce: 6.53 us	
msg_sz_bytes: 65536	nccl_ring: 17.15 us	multimem_all_reduce: 6.91 us	
msg_sz_bytes: 131072	nccl_ring: 17.34 us	multimem_all_reduce: 7.04 us	
msg_sz_bytes: 262144	nccl_ring: 17.63 us	multimem_all_reduce: 7.55 us	
msg_sz_bytes: 524288	nccl_ring: 17.86 us	multimem_all_reduce: 8.61 us	
msg_sz_bytes: 1048576	nccl_ring: 23.55 us	multimem_all_reduce: 10.69 us	
msg_sz_bytes: 2097152	nccl_ring: 36.03 us	multimem_all_reduce: 14.37 us	
msg_sz_bytes: 4194304	nccl_ring: 48.93 us	multimem_all_reduce: 21.85 us	
msg_sz_bytes: 8388608	nccl_ring: 72.99 us	multimem_all_reduce: 37.28 us	
NCCL version 2.27.5+cuda12.9
END  : Tue Oct 28 07:17:46 PM UTC 2025
